<?xml version="1.0" encoding="UTF-8"?>
<!-- Generated by org.testng.reporters.JUnitReportReporter -->
<testsuite hostname="DESKTOP-I1FGIM0" name="HelloNanda.iframeTest" tests="1" failures="0" timestamp="21 Jun 2017 18:49:48 GMT" time="4.970" errors="0">
  <testcase name="verifyIframe" time="4.970" classname="HelloNanda.iframeTest"/>
</testsuite> <!-- HelloNanda.iframeTest -->
