<?xml version="1.0" encoding="UTF-8"?>
<!-- Generated by org.testng.reporters.JUnitReportReporter -->
<testsuite hostname="DESKTOP-I1FGIM0" name="jenkinsDemo.jenkinsDemo" tests="1" failures="0" timestamp="13 Jul 2017 18:16:14 GMT" time="0.012" errors="0">
  <testcase name="test" time="0.012" classname="jenkinsDemo.jenkinsDemo"/>
</testsuite> <!-- jenkinsDemo.jenkinsDemo -->
